0 info it worked if it ends with ok
1 verbose cli [ 'node', '/usr/local/bin/npm', 'publish' ]
2 info using npm@2.7.5
3 info using node@v0.12.1
4 verbose node symlink /usr/local/bin/node
5 verbose publish [ '.' ]
6 silly cache add args [ '.', null ]
7 verbose cache add spec .
8 silly cache add parsed spec { raw: '.',
8 silly cache add   scope: null,
8 silly cache add   name: null,
8 silly cache add   rawSpec: '.',
8 silly cache add   spec: '/Users/mmagda/Work/private/favico.js_0.3.x',
8 silly cache add   type: 'directory' }
9 verbose addLocalDirectory /Users/mmagda/.npm/favico.js/0.3.7/package.tgz not in flight; packing
10 verbose tar pack [ '/Users/mmagda/.npm/favico.js/0.3.7/package.tgz',
10 verbose tar pack   '/Users/mmagda/Work/private/favico.js_0.3.x' ]
11 verbose tarball /Users/mmagda/.npm/favico.js/0.3.7/package.tgz
12 verbose folder /Users/mmagda/Work/private/favico.js_0.3.x
13 info prepublish favico.js@0.3.7
14 verbose addLocalTarball adding from inside cache /Users/mmagda/.npm/favico.js/0.3.7/package.tgz
15 silly cache afterAdd favico.js@0.3.7
16 verbose afterAdd /Users/mmagda/.npm/favico.js/0.3.7/package/package.json not in flight; writing
17 verbose afterAdd /Users/mmagda/.npm/favico.js/0.3.7/package/package.json written
18 silly publish { name: 'favico.js',
18 silly publish   version: '0.3.7',
18 silly publish   description: 'Favico.js is a library to manipulate the favicon, adding alert badges, render images or videos.',
18 silly publish   main: 'favico.js',
18 silly publish   repository: { type: 'git', url: 'git://github.com/ejci/favico.js.git' },
18 silly publish   publishConfig: { registry: 'http://registry.npmjs.org/' },
18 silly publish   keywords: [ 'favicon', 'badge' ],
18 silly publish   author: { name: 'Miroslav Magda', email: 'magda.miroslav@gmail.com' },
18 silly publish   license: 'MIT',
18 silly publish   bugs: { url: 'https://github.com/ejci/favico.js/issues' },
18 silly publish   devDependencies: { 'uglify-js': '~2.4.0', jshint: '~2.1.11', semver: '~2.1.0' },
18 silly publish   spm: { main: 'favico.js', ignore: [ 'resources', 'page' ] },
18 silly publish   homepage: 'https://github.com/ejci/favico.js',
18 silly publish   dependencies: {},
18 silly publish   scripts: { test: 'echo "Error: no test specified" && exit 1' },
18 silly publish   readme: '#favico.js\nMore info [here](http://lab.ejci.net/favico.js/).\n\n\nAuthor [Miroslav Magda](http://blog.ejci.net)\nVersion 0.3.6\n\nContributors:\n[Serge Barysiuk](https://github.com/sbarysiuk),\n[pissflaps](https://github.com/pissflaps),\n[Yaroslav Yakovlev](https://github.com/yaroslavya),\n[LoicMahieu](https://github.com/LoicMahieu),\n[Renan Gonçalves](https://github.com/renan),\n[Adam Savitzky](https://github.com/adambom),\n[Jory Graham](https://github.com/jory)\n\n\n##License\nAll code is open source and dual licensed under GPL and MIT. Check the individual licenses for more information.\n\n###Change log\n####0.3.6\n* bigfixes\n\n####0.3.4\n* new option for position\n\n####0.3.3\n* bugfixes\n\n####0.3.2\n* support for badge numbers bigger than 999\n\n####0.3.1\n* bugfix if <link type="icon"...> is missing\n\n####0.3.0\n* font options (font family, font style)\n* badge count more than 9\n* badge positions\n\n####0.2.2\n* AMD - CommonJS compatibility\n\n####0.2.1\n* Fixed console.log bug\n* registered to bower\n\n####0.2.0\n* Webcam support for Opera and Firefox\n* Improved performance for Opera and Firefox\n* New animation type popfade\n* Code cleanup\n\n####0.1.1\n* Improving performance in chrome\n\n####0.1.0\n* proof of concept\n',
18 silly publish   readmeFilename: 'README.md',
18 silly publish   gitHead: '43d1b47149b082681104e781861513f087cd7d37',
18 silly publish   _id: 'favico.js@0.3.7',
18 silly publish   _shasum: '40b48171b921c420470bb378a79558ac6e3be6bb',
18 silly publish   _from: '.' }
19 silly mapToRegistry name favico.js
20 silly mapToRegistry using default registry
21 silly mapToRegistry registry http://registry.npmjs.org/
22 silly mapToRegistry uri http://registry.npmjs.org/favico.js
23 verbose publish registryBase http://registry.npmjs.org/
24 silly publish uploading /Users/mmagda/.npm/favico.js/0.3.7/package.tgz
25 verbose request uri http://registry.npmjs.org/favico.js
26 verbose request sending authorization for write operation
27 info attempt registry request try #1 at 19:59:10
28 verbose request using bearer token for auth
29 verbose request id c330bc17a7d67b40
30 http request PUT http://registry.npmjs.org/favico.js
31 http 403 http://registry.npmjs.org/favico.js
32 verbose headers { 'content-type': 'application/json',
32 verbose headers   'cache-control': 'max-age=60',
32 verbose headers   'content-length': '128',
32 verbose headers   'accept-ranges': 'bytes',
32 verbose headers   date: 'Sat, 11 Apr 2015 17:59:28 GMT',
32 verbose headers   via: '1.1 varnish',
32 verbose headers   connection: 'keep-alive',
32 verbose headers   'x-served-by': 'cache-ams4135-AMS',
32 verbose headers   'x-cache': 'MISS',
32 verbose headers   'x-cache-hits': '0',
32 verbose headers   'x-timer': 'S1428775144.414388,VS0,VE24230' }
33 verbose request invalidating /Users/mmagda/.npm/registry.npmjs.org/favico.js on PUT
34 error publish Failed PUT 403
35 verbose stack Error: "You cannot publish over the previously published version 0.3.7. Try bumping the version to 1.0.0" : favico.js
35 verbose stack     at CachingRegistryClient.<anonymous> (/usr/local/lib/node_modules/npm/node_modules/npm-registry-client/lib/request.js:247:14)
35 verbose stack     at Request._callback (/usr/local/lib/node_modules/npm/node_modules/npm-registry-client/lib/request.js:170:14)
35 verbose stack     at Request.self.callback (/usr/local/lib/node_modules/npm/node_modules/request/request.js:360:22)
35 verbose stack     at Request.emit (events.js:110:17)
35 verbose stack     at Request.<anonymous> (/usr/local/lib/node_modules/npm/node_modules/request/request.js:1202:14)
35 verbose stack     at Request.emit (events.js:129:20)
35 verbose stack     at IncomingMessage.<anonymous> (/usr/local/lib/node_modules/npm/node_modules/request/request.js:1150:12)
35 verbose stack     at IncomingMessage.emit (events.js:129:20)
35 verbose stack     at _stream_readable.js:908:16
35 verbose stack     at process._tickCallback (node.js:355:11)
36 verbose statusCode 403
37 verbose pkgid favico.js
38 verbose cwd /Users/mmagda/Work/private/favico.js_0.3.x
39 error Darwin 13.4.0
40 error argv "node" "/usr/local/bin/npm" "publish"
41 error node v0.12.1
42 error npm  v2.7.5
43 error code E403
44 error "You cannot publish over the previously published version 0.3.7. Try bumping the version to 1.0.0" : favico.js
45 error If you need help, you may report this error at:
45 error     <https://github.com/npm/npm/issues>
46 verbose exit [ 1, true ]
